<?xml version="1.0" encoding="UTF-8"?>
<testng-results skipped="0" failed="1" ignored="0" total="2" passed="1">
  <reporter-output>
  </reporter-output>
  <suite name="Default suite" duration-ms="152115" started-at="2020-01-11T08:58:05Z" finished-at="2020-01-11T09:00:38Z">
    <groups>
    </groups>
    <test name="Default test" duration-ms="152115" started-at="2020-01-11T08:58:05Z" finished-at="2020-01-11T09:00:38Z">
      <class name="mmaplus.NgOperationReportPDF">
        <test-method status="PASS" signature="setUpTest()[pri:0, instance:mmaplus.NgOperationReportPDF@3bfdc050]" name="setUpTest" is-config="true" duration-ms="14029" started-at="2020-01-11T08:58:05Z" finished-at="2020-01-11T08:58:20Z">
          <reporter-output>
          </reporter-output>
        </test-method> <!-- setUpTest -->
        <test-method status="PASS" signature="logInMMA()[pri:0, instance:mmaplus.NgOperationReportPDF@3bfdc050]" name="logInMMA" duration-ms="41188" started-at="2020-01-11T08:58:20Z" finished-at="2020-01-11T08:59:01Z">
          <reporter-output>
          </reporter-output>
        </test-method> <!-- logInMMA -->
        <test-method status="FAIL" signature="opertationReport()[pri:0, instance:mmaplus.NgOperationReportPDF@3bfdc050]" name="opertationReport" duration-ms="96437" started-at="2020-01-11T08:59:01Z" finished-at="2020-01-11T09:00:37Z">
          <exception class="org.openqa.selenium.NoSuchElementException">
            <message>
              <![CDATA[Cannot locate element with text: KHI-B001 - Tufail
For documentation on this error, please visit: https://www.seleniumhq.org/exceptions/no_such_element.html
Build info: version: '3.141.59', revision: 'e82be7d358', time: '2018-11-14T08:17:03'
System info: host: 'JAVED', ip: '192.168.119.2', os.name: 'Windows 10', os.arch: 'amd64', os.version: '10.0', java.version: '1.8.0_201'
Driver info: driver.version: unknown]]>
            </message>
            <full-stacktrace>
              <![CDATA[org.openqa.selenium.NoSuchElementException: Cannot locate element with text: KHI-B001 - Tufail
For documentation on this error, please visit: https://www.seleniumhq.org/exceptions/no_such_element.html
Build info: version: '3.141.59', revision: 'e82be7d358', time: '2018-11-14T08:17:03'
System info: host: 'JAVED', ip: '192.168.119.2', os.name: 'Windows 10', os.arch: 'amd64', os.version: '10.0', java.version: '1.8.0_201'
Driver info: driver.version: unknown
at org.openqa.selenium.support.ui.Select.selectByVisibleText(Select.java:147)
at mmaplus.NgOperationReportPDF.opertationReport(NgOperationReportPDF.java:48)
at sun.reflect.NativeMethodAccessorImpl.invoke0(Native Method)
at sun.reflect.NativeMethodAccessorImpl.invoke(Unknown Source)
at sun.reflect.DelegatingMethodAccessorImpl.invoke(Unknown Source)
at java.lang.reflect.Method.invoke(Unknown Source)
at org.testng.internal.MethodInvocationHelper.invokeMethod(MethodInvocationHelper.java:124)
at org.testng.internal.Invoker.invokeMethod(Invoker.java:583)
at org.testng.internal.Invoker.invokeTestMethod(Invoker.java:719)
at org.testng.internal.Invoker.invokeTestMethods(Invoker.java:989)
at org.testng.internal.TestMethodWorker.invokeTestMethods(TestMethodWorker.java:125)
at org.testng.internal.TestMethodWorker.run(TestMethodWorker.java:109)
at org.testng.TestRunner.privateRun(TestRunner.java:648)
at org.testng.TestRunner.run(TestRunner.java:505)
at org.testng.SuiteRunner.runTest(SuiteRunner.java:455)
at org.testng.SuiteRunner.runSequentially(SuiteRunner.java:450)
at org.testng.SuiteRunner.privateRun(SuiteRunner.java:415)
at org.testng.SuiteRunner.run(SuiteRunner.java:364)
at org.testng.SuiteRunnerWorker.runSuite(SuiteRunnerWorker.java:52)
at org.testng.SuiteRunnerWorker.run(SuiteRunnerWorker.java:84)
at org.testng.TestNG.runSuitesSequentially(TestNG.java:1208)
at org.testng.TestNG.runSuitesLocally(TestNG.java:1137)
at org.testng.TestNG.runSuites(TestNG.java:1049)
at org.testng.TestNG.run(TestNG.java:1017)
at org.testng.remote.AbstractRemoteTestNG.run(AbstractRemoteTestNG.java:115)
at org.testng.remote.RemoteTestNG.initAndRun(RemoteTestNG.java:251)
at org.testng.remote.RemoteTestNG.main(RemoteTestNG.java:77)
]]>
            </full-stacktrace>
          </exception> <!-- org.openqa.selenium.NoSuchElementException -->
          <reporter-output>
          </reporter-output>
        </test-method> <!-- opertationReport -->
        <test-method status="PASS" signature="tearDownTest()[pri:0, instance:mmaplus.NgOperationReportPDF@3bfdc050]" name="tearDownTest" is-config="true" duration-ms="78" started-at="2020-01-11T09:00:38Z" finished-at="2020-01-11T09:00:38Z">
          <reporter-output>
          </reporter-output>
        </test-method> <!-- tearDownTest -->
      </class> <!-- mmaplus.NgOperationReportPDF -->
    </test> <!-- Default test -->
  </suite> <!-- Default suite -->
</testng-results>
