<?xml version="1.0" encoding="UTF-8"?>
<testng-results skipped="0" failed="1" ignored="0" total="1" passed="0">
  <reporter-output>
  </reporter-output>
  <suite name="Default suite" duration-ms="43826" started-at="2020-01-12T13:43:48 PKT" finished-at="2020-01-12T13:44:32 PKT">
    <groups>
    </groups>
    <test name="Default test" duration-ms="43826" started-at="2020-01-12T13:43:48 PKT" finished-at="2020-01-12T13:44:32 PKT">
      <class name="demo.TPLinkDemo">
        <test-method status="PASS" signature="setUpTest()[pri:0, instance:demo.TPLinkDemo@76707e36]" name="setUpTest" is-config="true" duration-ms="8000" started-at="2020-01-12T13:43:48 PKT" finished-at="2020-01-12T13:43:56 PKT">
          <reporter-output>
          </reporter-output>
        </test-method> <!-- setUpTest -->
        <test-method status="FAIL" signature="logInMMA()[pri:0, instance:demo.TPLinkDemo@76707e36]" name="logInMMA" duration-ms="35758" started-at="2020-01-12T13:43:56 PKT" finished-at="2020-01-12T13:44:32 PKT">
          <exception class="java.lang.ClassCastException">
            <message>
              <![CDATA[java.util.ArrayList cannot be cast to org.openqa.selenium.WebElement]]>
            </message>
            <full-stacktrace>
              <![CDATA[java.lang.ClassCastException: java.util.ArrayList cannot be cast to org.openqa.selenium.WebElement
at demo.TPLinkDemo.logInMMA(TPLinkDemo.java:29)
at sun.reflect.NativeMethodAccessorImpl.invoke0(Native Method)
at sun.reflect.NativeMethodAccessorImpl.invoke(Unknown Source)
at sun.reflect.DelegatingMethodAccessorImpl.invoke(Unknown Source)
at java.lang.reflect.Method.invoke(Unknown Source)
at org.testng.internal.MethodInvocationHelper.invokeMethod(MethodInvocationHelper.java:133)
at org.testng.internal.TestInvoker.invokeMethod(TestInvoker.java:584)
at org.testng.internal.TestInvoker.invokeTestMethod(TestInvoker.java:172)
at org.testng.internal.MethodRunner.runInSequence(MethodRunner.java:46)
at org.testng.internal.TestInvoker$MethodInvocationAgent.invoke(TestInvoker.java:804)
at org.testng.internal.TestInvoker.invokeTestMethods(TestInvoker.java:145)
at org.testng.internal.TestMethodWorker.invokeTestMethods(TestMethodWorker.java:146)
at org.testng.internal.TestMethodWorker.run(TestMethodWorker.java:128)
at java.util.ArrayList.forEach(Unknown Source)
at org.testng.TestRunner.privateRun(TestRunner.java:770)
at org.testng.TestRunner.run(TestRunner.java:591)
at org.testng.SuiteRunner.runTest(SuiteRunner.java:402)
at org.testng.SuiteRunner.runSequentially(SuiteRunner.java:396)
at org.testng.SuiteRunner.privateRun(SuiteRunner.java:355)
at org.testng.SuiteRunner.run(SuiteRunner.java:304)
at org.testng.SuiteRunnerWorker.runSuite(SuiteRunnerWorker.java:53)
at org.testng.SuiteRunnerWorker.run(SuiteRunnerWorker.java:96)
at org.testng.TestNG.runSuitesSequentially(TestNG.java:1180)
at org.testng.TestNG.runSuitesLocally(TestNG.java:1102)
at org.testng.TestNG.runSuites(TestNG.java:1032)
at org.testng.TestNG.run(TestNG.java:1000)
at org.testng.remote.AbstractRemoteTestNG.run(AbstractRemoteTestNG.java:115)
at org.testng.remote.RemoteTestNG.initAndRun(RemoteTestNG.java:251)
at org.testng.remote.RemoteTestNG.main(RemoteTestNG.java:77)
]]>
            </full-stacktrace>
          </exception> <!-- java.lang.ClassCastException -->
          <reporter-output>
          </reporter-output>
        </test-method> <!-- logInMMA -->
        <test-method status="PASS" signature="tearDownTest()[pri:0, instance:demo.TPLinkDemo@76707e36]" name="tearDownTest" is-config="true" duration-ms="1" started-at="2020-01-12T13:44:32 PKT" finished-at="2020-01-12T13:44:32 PKT">
          <reporter-output>
          </reporter-output>
        </test-method> <!-- tearDownTest -->
      </class> <!-- demo.TPLinkDemo -->
    </test> <!-- Default test -->
  </suite> <!-- Default suite -->
</testng-results>
